Arguments: 
  C:\Program Files\nodejs\node.exe C:\Program Files (x86)\Yarn\bin\yarn.js init --y

PATH: 
  C:\WINDOWS\system32;C:\WINDOWS;C:\WINDOWS\System32\Wbem;C:\WINDOWS\System32\WindowsPowerShell\v1.0\;C:\WINDOWS\System32\OpenSSH\;C:\Program Files (x86)\Yarn\bin\;C:\Program Files\Git\cmd;C:\Program Files\nodejs\;C:\xampp\php;C:\composer;C:\Program Files\MySQL\MySQL Server 8.0\bin;;C:\Program Files\Docker\Docker\resources\bin;C:\ProgramData\DockerDesktop\version-bin;C:\Program Files\MySQL\MySQL Shell 8.0\bin\;C:\Users\Mateus\AppData\Local\Microsoft\WindowsApps;C:\Users\Mateus\AppData\Local\Programs\Microsoft VS Code\bin;C:\Users\Mateus\AppData\Local\Yarn\bin;C:\Users\Mateus\AppData\Roaming\npm;C:\Program Files\heroku\bin;C:\Users\Mateus\AppData\Roaming\Composer\vendor\bin

Yarn version: 
  1.22.5

Node version: 
  14.15.4

Platform: 
  win32 x64

Trace: 
  Error: canceled
      at Interface.<anonymous> (C:\Program Files (x86)\Yarn\lib\cli.js:137009:13)
      at Interface.emit (events.js:315:20)
      at Interface._ttyWrite (readline.js:875:16)
      at ReadStream.onkeypress (readline.js:213:10)
      at ReadStream.emit (events.js:315:20)
      at emitKeys (internal/readline/utils.js:345:14)
      at emitKeys.next (<anonymous>)
      at ReadStream.onData (readline.js:1144:36)
      at ReadStream.emit (events.js:315:20)
      at addChunk (internal/streams/readable.js:309:12)

npm manifest: 
  No manifest

yarn manifest: 
  No manifest

Lockfile: 
  No lockfile
